{"type":"warning","data":"@vscode/gulp-electron > vinyl-fs > glob-stream > glob@7.2.3: Glob versions prior to v9 are no longer supported"}
{"type":"warning","data":"@vscode/gulp-electron > @electron/get > global-agent > boolean@3.2.0: Package no longer supported. Contact Support at https://www.npmjs.com/support for more info."}
{"type":"warning","data":"@vscode/gulp-electron > @electron/get > global-agent > roarr > boolean@3.2.0: Package no longer supported. Contact Support at https://www.npmjs.com/support for more info."}
{"type":"warning","data":"@vscode/gulp-electron > gulp-vinyl-zip@2.5.0: Package no longer supported. Contact Support at https://www.npmjs.com/support for more info."}
{"type":"warning","data":"@vscode/test-cli > mocha > glob@8.1.0: Glob versions prior to v9 are no longer supported"}
{"type":"warning","data":"asar@3.2.0: Please use @electron/asar moving forward.  There is no API change, just a package name change"}
{"type":"warning","data":"asar > glob@7.2.3: Glob versions prior to v9 are no longer supported"}
{"type":"warning","data":"gulp > glob-watcher > chokidar > fsevents@1.2.13: Upgrade to fsevents v2 to mitigate potential security issues"}
{"type":"warning","data":"tsec > glob@7.2.3: Glob versions prior to v9 are no longer supported"}
{"type":"warning","data":"@vscode/gulp-electron > gulp-vinyl-zip@2.5.0: Package no longer supported. Contact Support at https://www.npmjs.com/support for more info."}
{"type":"warning","data":"@vscode/gulp-electron > vinyl-fs > glob-stream > glob@7.2.3: Glob versions prior to v9 are no longer supported"}
{"type":"warning","data":"@vscode/gulp-electron > @electron/get > global-agent > boolean@3.2.0: Package no longer supported. Contact Support at https://www.npmjs.com/support for more info."}
{"type":"warning","data":"@vscode/gulp-electron > @electron/get > global-agent > roarr > boolean@3.2.0: Package no longer supported. Contact Support at https://www.npmjs.com/support for more info."}
{"type":"warning","data":"@vscode/test-cli > mocha > glob@8.1.0: Glob versions prior to v9 are no longer supported"}
{"type":"warning","data":"asar@3.2.0: Please use @electron/asar moving forward.  There is no API change, just a package name change"}
{"type":"warning","data":"asar > glob@7.2.3: Glob versions prior to v9 are no longer supported"}
{"type":"warning","data":"gulp > glob-watcher > chokidar > fsevents@1.2.13: Upgrade to fsevents v2 to mitigate potential security issues"}
{"type":"warning","data":"tsec > glob@7.2.3: Glob versions prior to v9 are no longer supported"}
{"type":"warning","data":"@vscode/gulp-electron > gulp-vinyl-zip@2.5.0: Package no longer supported. Contact Support at https://www.npmjs.com/support for more info."}
{"type":"warning","data":"@vscode/gulp-electron > vinyl-fs > glob-stream > glob@7.2.3: Glob versions prior to v9 are no longer supported"}
{"type":"warning","data":"@vscode/gulp-electron > @electron/get > global-agent > boolean@3.2.0: Package no longer supported. Contact Support at https://www.npmjs.com/support for more info."}
{"type":"warning","data":"@vscode/gulp-electron > @electron/get > global-agent > roarr > boolean@3.2.0: Package no longer supported. Contact Support at https://www.npmjs.com/support for more info."}
{"type":"warning","data":"@vscode/test-cli > mocha > glob@8.1.0: Glob versions prior to v9 are no longer supported"}
{"type":"warning","data":"asar@3.2.0: Please use @electron/asar moving forward.  There is no API change, just a package name change"}
{"type":"warning","data":"asar > glob@7.2.3: Glob versions prior to v9 are no longer supported"}
{"type":"warning","data":"gulp > glob-watcher > chokidar > fsevents@1.2.13: Upgrade to fsevents v2 to mitigate potential security issues"}
{"type":"warning","data":"tsec > glob@7.2.3: Glob versions prior to v9 are no longer supported"}
{"type":"warning","data":"@vscode/gulp-electron > gulp-vinyl-zip@2.5.0: Package no longer supported. Contact Support at https://www.npmjs.com/support for more info."}
{"type":"warning","data":"@vscode/gulp-electron > vinyl-fs > glob-stream > glob@7.2.3: Glob versions prior to v9 are no longer supported"}
{"type":"warning","data":"@vscode/gulp-electron > @electron/get > global-agent > boolean@3.2.0: Package no longer supported. Contact Support at https://www.npmjs.com/support for more info."}
{"type":"warning","data":"@vscode/gulp-electron > @electron/get > global-agent > roarr > boolean@3.2.0: Package no longer supported. Contact Support at https://www.npmjs.com/support for more info."}
{"type":"warning","data":"@vscode/test-cli > mocha > glob@8.1.0: Glob versions prior to v9 are no longer supported"}
{"type":"warning","data":"asar@3.2.0: Please use @electron/asar moving forward.  There is no API change, just a package name change"}
{"type":"warning","data":"asar > glob@7.2.3: Glob versions prior to v9 are no longer supported"}
{"type":"warning","data":"gulp > glob-watcher > chokidar > fsevents@1.2.13: Upgrade to fsevents v2 to mitigate potential security issues"}
{"type":"warning","data":"tsec > glob@7.2.3: Glob versions prior to v9 are no longer supported"}
{"type":"warning","data":"@vscode/gulp-electron > gulp-vinyl-zip@2.5.0: Package no longer supported. Contact Support at https://www.npmjs.com/support for more info."}
{"type":"warning","data":"@vscode/gulp-electron > vinyl-fs > glob-stream > glob@7.2.3: Glob versions prior to v9 are no longer supported"}
{"type":"warning","data":"@vscode/gulp-electron > @electron/get > global-agent > boolean@3.2.0: Package no longer supported. Contact Support at https://www.npmjs.com/support for more info."}
{"type":"warning","data":"@vscode/gulp-electron > @electron/get > global-agent > roarr > boolean@3.2.0: Package no longer supported. Contact Support at https://www.npmjs.com/support for more info."}
{"type":"warning","data":"@vscode/test-cli > mocha > glob@8.1.0: Glob versions prior to v9 are no longer supported"}
{"type":"warning","data":"asar@3.2.0: Please use @electron/asar moving forward.  There is no API change, just a package name change"}
{"type":"warning","data":"asar > glob@7.2.3: Glob versions prior to v9 are no longer supported"}
{"type":"warning","data":"gulp > glob-watcher > chokidar > fsevents@1.2.13: Upgrade to fsevents v2 to mitigate potential security issues"}
{"type":"warning","data":"tsec > glob@7.2.3: Glob versions prior to v9 are no longer supported"}
{"type":"warning","data":"@vscode/gulp-electron > gulp-vinyl-zip@2.5.0: Package no longer supported. Contact Support at https://www.npmjs.com/support for more info."}
{"type":"warning","data":"@vscode/gulp-electron > vinyl-fs > glob-stream > glob@7.2.3: Glob versions prior to v9 are no longer supported"}
{"type":"warning","data":"@vscode/gulp-electron > @electron/get > global-agent > boolean@3.2.0: Package no longer supported. Contact Support at https://www.npmjs.com/support for more info."}
{"type":"warning","data":"@vscode/gulp-electron > @electron/get > global-agent > roarr > boolean@3.2.0: Package no longer supported. Contact Support at https://www.npmjs.com/support for more info."}
{"type":"warning","data":"@vscode/test-cli > mocha > glob@8.1.0: Glob versions prior to v9 are no longer supported"}
{"type":"warning","data":"asar@3.2.0: Please use @electron/asar moving forward.  There is no API change, just a package name change"}
{"type":"warning","data":"asar > glob@7.2.3: Glob versions prior to v9 are no longer supported"}
{"type":"warning","data":"gulp > glob-watcher > chokidar > fsevents@1.2.13: Upgrade to fsevents v2 to mitigate potential security issues"}
{"type":"warning","data":"tsec > glob@7.2.3: Glob versions prior to v9 are no longer supported"}
[10:28:52] Using gulpfile ~/vscode/gulpfile.js
[10:28:52] Starting 'watch'...
[10:28:52] Starting [36mclean-out[39m ...
[10:28:52] Starting [36mclean-extension-authentication-proxy[39m ...
[10:28:52] Starting [36mclean-extension-configuration-editing-build[39m ...
[10:28:52] Starting [36mclean-extension-configuration-editing[39m ...
[10:28:52] Starting [36mclean-extension-css-language-features-client[39m ...
[10:28:52] Starting [36mclean-extension-css-language-features-server[39m ...
[10:28:52] Starting [36mclean-extension-debug-auto-launch[39m ...
[10:28:52] Starting [36mclean-extension-debug-server-ready[39m ...
[10:28:52] Starting [36mclean-extension-emmet[39m ...
[10:28:52] Starting [36mclean-extension-extension-editing[39m ...
[10:28:52] Starting [36mclean-extension-git[39m ...
[10:28:52] Starting [36mclean-extension-git-base[39m ...
[10:28:52] Starting [36mclean-extension-github-authentication[39m ...
[10:28:52] Starting [36mclean-extension-github[39m ...
[10:28:52] Starting [36mclean-extension-grunt[39m ...
[10:28:52] Starting [36mclean-extension-gulp[39m ...
[10:28:52] Starting [36mclean-extension-html-language-features-client[39m ...
[10:28:52] Starting [36mclean-extension-html-language-features-server[39m ...
[10:28:52] Starting [36mclean-extension-ipynb[39m ...
[10:28:52] Starting [36mclean-extension-jake[39m ...
[10:28:52] Starting [36mclean-extension-json-language-features-client[39m ...
[10:28:52] Starting [36mclean-extension-json-language-features-server[39m ...
[10:28:52] Starting [36mclean-extension-markdown-language-features-preview-src[39m ...
[10:28:52] Starting [36mclean-extension-markdown-language-features-server[39m ...
[10:28:52] Starting [36mclean-extension-markdown-language-features[39m ...
[10:28:52] Starting [36mclean-extension-markdown-math[39m ...
[10:28:52] Starting [36mclean-extension-media-preview[39m ...
[10:28:52] Starting [36mclean-extension-merge-conflict[39m ...
[10:28:52] Starting [36mclean-extension-microsoft-authentication[39m ...
[10:28:52] Starting [36mclean-extension-notebook-renderers[39m ...
[10:28:52] Starting [36mclean-extension-npm[39m ...
[10:28:52] Starting [36mclean-extension-php-language-features[39m ...
[10:28:52] Starting [36mclean-extension-search-result[39m ...
[10:28:52] Starting [36mclean-extension-references-view[39m ...
[10:28:52] Starting [36mclean-extension-simple-browser[39m ...
[10:28:52] Starting [36mclean-extension-tunnel-forwarding[39m ...
[10:28:52] Starting [36mclean-extension-typescript-language-features-test-workspace[39m ...
[10:28:52] Starting [36mclean-extension-typescript-language-features-web[39m ...
[10:28:52] Starting [36mclean-extension-typescript-language-features[39m ...
[10:28:52] Starting [36mclean-extension-vscode-api-tests[39m ...
[10:28:52] Starting [36mclean-extension-vscode-colorize-tests[39m ...
[10:28:52] Starting [36mclean-extension-vscode-test-resolver[39m ...
[10:28:52] Finished [36mclean-extension-authentication-proxy[39m after [35m28 ms[39m
[10:28:52] Starting [36mwatch-extension:authentication-proxy[39m ...
[10:28:52] Starting [32mcompilation[39m[34m extensions[39m...
[10:28:52] Finished [36mclean-extension-configuration-editing-build[39m after [35m643 ms[39m
[10:28:52] Starting [36mwatch-extension:configuration-editing-build[39m ...
[10:28:52] Finished [36mclean-extension-typescript-language-features-test-workspace[39m after [35m642 ms[39m
[10:28:52] Starting [36mwatch-extension:typescript-language-features-test-workspace[39m ...
[10:28:55] Finished [32mcompilation[39m[34m extensions[39m with 0 errors after [35m2606 ms[39m
[10:28:55] Finished [36mclean-extension-vscode-colorize-tests[39m after [35m3250 ms[39m
[10:28:55] Starting [36mwatch-extension:vscode-colorize-tests[39m ...
[10:28:55] Starting [32mcompilation[39m[34m extensions[39m...
[10:28:55] Finished [36mclean-extension-debug-auto-launch[39m after [35m3343 ms[39m
[10:28:55] Starting [36mwatch-extension:debug-auto-launch[39m ...
[10:28:55] Finished [36mclean-extension-debug-server-ready[39m after [35m3368 ms[39m
[10:28:55] Starting [36mwatch-extension:debug-server-ready[39m ...
[10:28:55] Finished [36mclean-extension-extension-editing[39m after [35m3395 ms[39m
[10:28:55] Starting [36mwatch-extension:extension-editing[39m ...
[10:28:55] Finished [36mclean-extension-grunt[39m after [35m3426 ms[39m
[10:28:55] Starting [36mwatch-extension:grunt[39m ...
[10:28:55] Finished [36mclean-extension-gulp[39m after [35m3449 ms[39m
[10:28:55] Starting [36mwatch-extension:gulp[39m ...
[10:28:55] Finished [36mclean-extension-jake[39m after [35m3475 ms[39m
[10:28:55] Starting [36mwatch-extension:jake[39m ...
[10:28:55] Finished [36mclean-extension-markdown-language-features-preview-src[39m after [35m3500 ms[39m
[10:28:55] Starting [36mwatch-extension:markdown-language-features-preview-src[39m ...
[10:28:55] Finished [36mclean-extension-markdown-math[39m after [35m3517 ms[39m
[10:28:55] Starting [36mwatch-extension:markdown-math[39m ...
[10:28:55] Finished [36mclean-extension-merge-conflict[39m after [35m3550 ms[39m
[10:28:55] Starting [36mwatch-extension:merge-conflict[39m ...
[10:28:55] Finished [36mclean-extension-simple-browser[39m after [35m3583 ms[39m
[10:28:55] Starting [36mwatch-extension:simple-browser[39m ...
[10:28:55] Finished [36mclean-extension-tunnel-forwarding[39m after [35m3613 ms[39m
[10:28:55] Starting [36mwatch-extension:tunnel-forwarding[39m ...
[10:28:57] Finished [36mclean-extension-css-language-features-client[39m after [35m7476 ms[39m
[10:28:57] Starting [36mwatch-extension:css-language-features-client[39m ...
[10:28:57] Finished [36mclean-extension-css-language-features-server[39m after [35m7509 ms[39m
[10:28:57] Starting [36mwatch-extension:css-language-features-server[39m ...
[10:28:57] Finished [36mclean-extension-emmet[39m after [35m7521 ms[39m
[10:28:57] Starting [36mwatch-extension:emmet[39m ...
[10:28:57] Finished [36mclean-extension-configuration-editing[39m after [35m7562 ms[39m
[10:28:57] Starting [36mwatch-extension:configuration-editing[39m ...
[10:28:57] Finished [36mclean-extension-git-base[39m after [35m7582 ms[39m
[10:28:57] Starting [36mwatch-extension:git-base[39m ...
[10:28:57] Finished [36mclean-extension-git[39m after [35m7609 ms[39m
[10:28:57] Starting [36mwatch-extension:git[39m ...
[10:28:57] Finished [36mclean-extension-github[39m after [35m7698 ms[39m
[10:28:57] Starting [36mwatch-extension:github[39m ...
[10:28:58] Finished [36mclean-extension-html-language-features-client[39m after [35m7762 ms[39m
[10:28:58] Starting [36mwatch-extension:html-language-features-client[39m ...
[10:28:58] Finished [36mclean-extension-ipynb[39m after [35m7793 ms[39m
[10:28:58] Starting [36mwatch-extension:ipynb[39m ...
[10:28:58] Finished [36mclean-extension-json-language-features-client[39m after [35m7817 ms[39m
[10:28:58] Starting [36mwatch-extension:json-language-features-client[39m ...
[10:28:58] Finished [36mclean-extension-json-language-features-server[39m after [35m7842 ms[39m
[10:28:58] Starting [36mwatch-extension:json-language-features-server[39m ...
[10:29:00] Finished [36mclean-extension-markdown-language-features-server[39m after [35m8137 ms[39m
[10:29:00] Starting [36mwatch-extension:markdown-language-features-server[39m ...
[10:29:00] Finished [36mclean-extension-markdown-language-features[39m after [35m8150 ms[39m
[10:29:00] Starting [36mwatch-extension:markdown-language-features[39m ...
[10:29:00] Finished [36mclean-extension-media-preview[39m after [35m8208 ms[39m
[10:29:00] Starting [36mwatch-extension:media-preview[39m ...
[10:29:00] Finished [36mclean-extension-microsoft-authentication[39m after [35m8230 ms[39m
[10:29:00] Starting [36mwatch-extension:microsoft-authentication[39m ...
[10:29:00] Finished [36mclean-extension-npm[39m after [35m8257 ms[39m
[10:29:00] Starting [36mwatch-extension:npm[39m ...
[10:29:00] Finished [36mclean-extension-notebook-renderers[39m after [35m8285 ms[39m
[10:29:00] Starting [36mwatch-extension:notebook-renderers[39m ...
[10:29:00] Finished [36mclean-extension-search-result[39m after [35m8308 ms[39m
[10:29:00] Starting [36mwatch-extension:search-result[39m ...
[10:29:00] Finished [36mclean-extension-references-view[39m after [35m8330 ms[39m
[10:29:00] Starting [36mwatch-extension:references-view[39m ...
[10:29:00] Finished [36mclean-extension-php-language-features[39m after [35m8360 ms[39m
[10:29:00] Starting [36mwatch-extension:php-language-features[39m ...
[10:29:00] Finished [36mclean-extension-typescript-language-features-web[39m after [35m8391 ms[39m
[10:29:00] Starting [36mwatch-extension:typescript-language-[10:29:06] Finished [36mclean-extension-github-authentication[39m after [35m16064 ms[39m
[10:29:06] Starting [36mwatch-extension:github-authentication[39m ...
[10:29:06] Finished [36mclean-extension-markdown-language-features[39m after [35m16125 ms[39m
[10:29:06] Starting [36mwatch-extension:markdown-language-features[39m ...
[10:29:06] Finished [36mclean-extension-php-language-features[39m after [35m16204 ms[39m
[10:29:06] Starting [36mwatch-extension:php-language-features[39m ...
[10:29:06] Finished [36mclean-extension-typescript-language-features[39m after [35m16250 ms[39m
[10:29:06] Starting [36mwatch-extension:typescript-language-features[39m [10:[10:29:09] Finished [36mclean-extension-html-language-features-server[39m after [35m19686 ms[39m
[10:29:09] Starting [36mwatch-extension:html-language-features-server[39m [10:29:29] Finished [36mclean-out[39m after [35m37971 ms[39m
[10:29:29] Starting [36mbuild-web-node-paths[39m ...
[10:29:29] Finished [36mbuild-web-node-paths[39m after [35m5 ms[39m
[10:29:29] Starting [36mwatch-out[39m ...
[10:29:31] Starting [32mcompilation[39m...
[10:29:31] Starting [36mwatch-api-proposal-names[39m ...
[10:29:31] Starting [32mcompilation[39m[34m api-proposal-names[39m...
m...
